<?xml version="1.0" encoding="UTF-8"?>
<!-- Generated by org.testng.reporters.JUnitXMLReporter -->
<testsuite ignored="0" hostname="LAPTOP-O6UDEKEP" failures="0" tests="3" name="Default test" time="50.408" errors="0" timestamp="2022-06-22T14:44:18 ICT">
  <testcase classname="com.nexsoft.contactdiary.ContactDiaryTest" name="init" time="22.281"/>
  <testcase classname="com.nexsoft.contactdiary.ContactDiaryTest" name="masukKePageAddEvent" time="2.092"/>
  <testcase classname="com.nexsoft.contactdiary.ContactDiaryTest" name="addEvent" time="25.906"/>
</testsuite> <!-- Default test -->
