<?xml version="1.0" encoding="UTF-8"?>
<testng-results ignored="0" total="1" passed="1" failed="0" skipped="0">
  <reporter-output>
  </reporter-output>
  <suite started-at="2022-06-24T08:35:54 ICT" name="Default suite" finished-at="2022-06-24T08:36:16 ICT" duration-ms="22026">
    <groups>
      <group name="cucumber">
        <method signature="AbstractTestNGCucumberTests.runScenario(io.cucumber.testng.PickleWrapper,io.cucumber.testng.FeatureWrapper)[pri:0, instance:com.nexsoft.newcontact.runner.CucumberRunner@305ffe9e]" name="runScenario" class="io.cucumber.testng.AbstractTestNGCucumberTests"/>
      </group> <!-- cucumber -->
    </groups>
    <test started-at="2022-06-24T08:35:54 ICT" name="Default test" finished-at="2022-06-24T08:36:16 ICT" duration-ms="22026">
      <class name="com.nexsoft.newcontact.runner.CucumberRunner">
        <test-method is-config="true" signature="setUpClass(org.testng.ITestContext)[pri:0, instance:com.nexsoft.newcontact.runner.CucumberRunner@305ffe9e]" started-at="2022-06-24T08:35:54 ICT" name="setUpClass" finished-at="2022-06-24T08:35:55 ICT" duration-ms="506" status="PASS">
          <params>
            <param index="0">
              <value>
                <![CDATA[org.testng.TestRunner@38f77cd9]]>
              </value>
            </param>
          </params>
          <reporter-output>
          </reporter-output>
        </test-method> <!-- setUpClass -->
        <test-method signature="runScenario(io.cucumber.testng.PickleWrapper,io.cucumber.testng.FeatureWrapper)[pri:0, instance:com.nexsoft.newcontact.runner.CucumberRunner@305ffe9e]" started-at="2022-06-24T08:35:55 ICT" name="runScenario" description="Runs Cucumber Scenarios" data-provider="scenarios" finished-at="2022-06-24T08:36:16 ICT" duration-ms="21358" status="PASS">
          <params>
            <param index="0">
              <value>
                <![CDATA["Add new Contact"]]>
              </value>
            </param>
            <param index="1">
              <value>
                <![CDATA["Create New Contact"]]>
              </value>
            </param>
          </params>
          <reporter-output>
          </reporter-output>
        </test-method> <!-- runScenario -->
        <test-method is-config="true" signature="tearDownClass()[pri:0, instance:com.nexsoft.newcontact.runner.CucumberRunner@305ffe9e]" started-at="2022-06-24T08:36:16 ICT" name="tearDownClass" finished-at="2022-06-24T08:36:16 ICT" duration-ms="49" status="PASS">
          <reporter-output>
          </reporter-output>
        </test-method> <!-- tearDownClass -->
      </class> <!-- com.nexsoft.newcontact.runner.CucumberRunner -->
    </test> <!-- Default test -->
  </suite> <!-- Default suite -->
</testng-results>
