<?xml version="1.0" encoding="UTF-8"?>
<testng-results ignored="0" total="3" passed="3" failed="0" skipped="0">
  <reporter-output>
  </reporter-output>
  <suite started-at="2022-06-22T14:43:27 ICT" name="Default suite" finished-at="2022-06-22T14:44:18 ICT" duration-ms="50408">
    <groups>
    </groups>
    <test started-at="2022-06-22T14:43:27 ICT" name="Default test" finished-at="2022-06-22T14:44:18 ICT" duration-ms="50408">
      <class name="com.nexsoft.contactdiary.ContactDiaryTest">
        <test-method signature="init()[pri:0, instance:com.nexsoft.contactdiary.ContactDiaryTest@29215f06]" started-at="2022-06-22T14:43:27 ICT" name="init" finished-at="2022-06-22T14:43:50 ICT" duration-ms="22281" status="PASS">
          <reporter-output>
          </reporter-output>
        </test-method> <!-- init -->
        <test-method signature="masukKePageAddEvent()[pri:0, instance:com.nexsoft.contactdiary.ContactDiaryTest@29215f06]" started-at="2022-06-22T14:43:50 ICT" name="masukKePageAddEvent" finished-at="2022-06-22T14:43:52 ICT" duration-ms="2092" status="PASS">
          <reporter-output>
          </reporter-output>
        </test-method> <!-- masukKePageAddEvent -->
        <test-method signature="addEvent()[pri:1, instance:com.nexsoft.contactdiary.ContactDiaryTest@29215f06]" started-at="2022-06-22T14:43:52 ICT" name="addEvent" finished-at="2022-06-22T14:44:18 ICT" duration-ms="25906" status="PASS">
          <reporter-output>
          </reporter-output>
        </test-method> <!-- addEvent -->
      </class> <!-- com.nexsoft.contactdiary.ContactDiaryTest -->
    </test> <!-- Default test -->
  </suite> <!-- Default suite -->
</testng-results>
